[0m[[0m[0mdebug[0m] [0m[0m> Exec(testOnly rvv.Topfile_Test -- -DwriteVcd=1, Some(1069f9fe-c892-4ee3-b5ca-fc57fd64afe8), Some(CommandSource(console0)))[0m
[0m[[0m[0mdebug[0m] [0m[0mEvaluating tasks: Test / testOnly[0m
[0m[[0m[0mdebug[0m] [0m[0mRunning task... Cancel: Signal, check cycles: false, forcegc: true[0m
[0m[[0m[0minfo[0m] [0m[0mcompiling 1 Scala source to /home/hassan/rvv-core/target/scala-2.12/classes ...[0m
[0m[[0m[0minfo[0m] [0m[0m[32mTopfile_Test:[0m[0m
[0m[[0m[0minfo[0m] [0m[0m[31m- Top File Test *** FAILED ***[0m[0m
[0m[[0m[0minfo[0m] [0m[0m[31m  firrtl.passes.PassExceptions: firrtl.passes.CheckInitialization$RefNotInitializedException:  : [module control]  Reference io is not fully initialized.[0m[0m
[0m[[0m[0minfo[0m] [0m[0m[31m   : io.v_operand_B <= validif(eq(_T, UInt<1>("h0")), validif(eq(_T_1, UInt<1>("h0")), validif(eq(_T_2, UInt<1>("h0")), validif(eq(_T_3, UInt<1>("h0")), validif(eq(_T_4, UInt<1>("h0")), validif(eq(_T_5, UInt<1>("h0")), validif(eq(_T_6, UInt<1>("h0")), validif(eq(_T_7, UInt<1>("h0")), validif(eq(_T_8, UInt<1>("h0")), validif(eq(_T_11, UInt<1>("h0")), mux(_T_21, UInt<1>("h0"), VOID)))))))))))[0m[0m
[0m[[0m[0minfo[0m] [0m[0m[31mfirrtl.passes.CheckInitialization$RefNotInitializedException:  : [module control]  Reference io is not fully initialized.[0m[0m
[0m[[0m[0minfo[0m] [0m[0m[31m   : io.v_operand_A <= validif(eq(_T, UInt<1>("h0")), validif(eq(_T_1, UInt<1>("h0")), validif(eq(_T_2, UInt<1>("h0")), validif(eq(_T_3, UInt<1>("h0")), validif(eq(_T_4, UInt<1>("h0")), validif(eq(_T_5, UInt<1>("h0")), validif(eq(_T_6, UInt<1>("h0")), validif(eq(_T_7, UInt<1>("h0")), validif(eq(_T_8, UInt<1>("h0")), validif(eq(_T_11, UInt<1>("h0")), mux(_T_21, UInt<1>("h0"), VOID)))))))))))[0m[0m
[0m[[0m[0minfo[0m] [0m[0m[31mfirrtl.passes.CheckInitialization$RefNotInitializedException:  : [module aluControl]  Reference io is not fully initialized.[0m[0m
[0m[[0m[0minfo[0m] [0m[0m[31m   : io.out_V <= mux(_T_2, _GEN_21, validif(_T_13, mux(_T_14, UInt<1>("h1"), validif(_T_15, VOID))))[0m[0m
[0m[[0m[0minfo[0m] [0m[0m[31mfirrtl.passes.CheckInitialization$RefNotInitializedException:  : [module aluControl]  Reference io is not fully initialized.[0m[0m
[0m[[0m[0minfo[0m] [0m[0m[31m   : io.out_I <= mux(_T_2, _GEN_20, validif(_T_13, mux(_T_14, UInt<1>("h0"), validif(_T_15, VOID))))[0m[0m
[0m[[0m[0minfo[0m] [0m[0m[31mfirrtl.passes.CheckInitialization$RefNotInitializedException:  : [module ALU]  Reference io is not fully initialized.[0m[0m
[0m[[0m[0minfo[0m] [0m[0m[31m   : io.v_out <= mux(_T_16, mux(_T_17, VOID, mux(_T_21, mux(_T_22, _io_v_out_T_1, mux(_T_23, _io_v_out_T_3, mux(_T_24, _io_v_out_T_5, mux(_T_25, _io_v_out_T_7, VOID)))), mux(_T_26, mux(_T_27, _io_v_out_T_9, mux(_T_28, _io_v_out_T_11, mux(_T_29, _io_v_out_T_13, mux(_T_30, _io_v_out_T_15, VOID)))), VOID))), VOID)[0m[0m
[0m[[0m[0minfo[0m] [0m[0m[31mfirrtl.passes.CheckInitialization$RefNotInitializedException:  @[Top_File.scala 34:25] : [module top]  Reference csr_mod is not fully initialized.[0m[0m
[0m[[0m[0minfo[0m] [0m[0m[31m   : csr_mod.io.write_en <= VOID[0m[0m
[0m[[0m[0minfo[0m] [0m[0m[31mfirrtl.passes.CheckInitialization$RefNotInitializedException:  @[Top_File.scala 22:32] : [module top]  Reference aluControl_mod is not fully initialized.[0m[0m
[0m[[0m[0minfo[0m] [0m[0m[31m   : aluControl_mod.io.func6 <= VOID[0m[0m
[0m[[0m[0minfo[0m] [0m[0m[31mfirrtl.passes.PassException: 7 errors detected![0m[0m
[0m[[0m[0minfo[0m] [0m[0m[31m  ...[0m[0m
[0m[[0m[0minfo[0m] [0m[0m[36mRun completed in 2 seconds, 433 milliseconds.[0m[0m
[0m[[0m[0minfo[0m] [0m[0m[36mTotal number of tests run: 1[0m[0m
[0m[[0m[0minfo[0m] [0m[0m[36mSuites: completed 1, aborted 0[0m[0m
[0m[[0m[0minfo[0m] [0m[0m[36mTests: succeeded 0, failed 1, canceled 0, ignored 0, pending 0[0m[0m
[0m[[0m[0minfo[0m] [0m[0m[31m*** 1 TEST FAILED ***[0m[0m
[0m[[0m[31merror[0m] [0m[0mFailed tests:[0m
[0m[[0m[31merror[0m] [0m[0m	rvv.Topfile_Test[0m
[0m[[0m[31merror[0m] [0m[0m(Test / [31mtestOnly[0m) sbt.TestsFailedException: Tests unsuccessful[0m
[0m[[0m[31merror[0m] [0m[0mTotal time: 4 s, completed Aug 29, 2023, 4:56:20 PM[0m
[0m[[0m[0mdebug[0m] [0m[0m> Exec(shell, None, None)[0m
