[0m[[0m[0mdebug[0m] [0m[0m> Exec(testOnly Vpractice.RISC5Test -- -DwriteVcd=1, Some(db33bdf5-c1b5-4634-9eb0-704fe3075c07), Some(CommandSource(console0)))[0m
[0m[[0m[0mdebug[0m] [0m[0mEvaluating tasks: Test / testOnly[0m
[0m[[0m[0mdebug[0m] [0m[0mRunning task... Cancel: Signal, check cycles: false, forcegc: true[0m
[0m[[0m[0minfo[0m] [0m[0mcompiling 1 Scala source to /home/hafsa/Scala-Chisel-Learning-Journey/Vector_Single-Cycle/target/scala-2.12/classes ...[0m
[0m[[0m[31merror[0m] [0m[0m/home/hafsa/Scala-Chisel-Learning-Journey/Vector_Single-Cycle/src/main/scala/V_Single-Cycle/ALU/ALU.scala:395:44: not found: value inA_64[0m
[0m[[0m[31merror[0m] [0m[0m                out64(i) := (V_inB_64(i) - inA_64(i)).asSInt[0m
[0m[[0m[31merror[0m] [0m[0m                                           ^[0m
[0m[[0m[31merror[0m] [0m[0m/home/hafsa/Scala-Chisel-Learning-Journey/Vector_Single-Cycle/src/main/scala/V_Single-Cycle/ALU/ALU.scala:400:44: not found: value inA_32[0m
[0m[[0m[31merror[0m] [0m[0m                out32(i) := (V_inB_32(i) - inA_32(i)).asSInt[0m
[0m[[0m[31merror[0m] [0m[0m                                           ^[0m
[0m[[0m[31merror[0m] [0m[0m/home/hafsa/Scala-Chisel-Learning-Journey/Vector_Single-Cycle/src/main/scala/V_Single-Cycle/ALU/ALU.scala:405:44: not found: value inA_16[0m
[0m[[0m[31merror[0m] [0m[0m                out16(i) := (V_inB_16(i) - inA_16(i)).asSInt[0m
[0m[[0m[31merror[0m] [0m[0m                                           ^[0m
[0m[[0m[31merror[0m] [0m[0m/home/hafsa/Scala-Chisel-Learning-Journey/Vector_Single-Cycle/src/main/scala/V_Single-Cycle/ALU/ALU.scala:410:42: not found: value inA_8[0m
[0m[[0m[31merror[0m] [0m[0m                out8(i) := (V_inB_8(i) - inA_8(i)).asSInt[0m
[0m[[0m[31merror[0m] [0m[0m                                         ^[0m
[0m[[0m[31merror[0m] [0m[0mfour errors found[0m
[0m[[0m[31merror[0m] [0m[0m(Compile / [31mcompileIncremental[0m) Compilation failed[0m
[0m[[0m[31merror[0m] [0m[0mTotal time: 2 s, completed Sep 4, 2023, 4:49:19 PM[0m
[0m[[0m[0mdebug[0m] [0m[0m> Exec(shell, None, None)[0m
