[0m[[0m[0mdebug[0m] [0m[0m> Exec(testOnly rvv.Topfile_Test -- -DwriteVcd=1, Some(19acb8ce-534d-4bb3-9015-09ac49613d12), Some(CommandSource(console0)))[0m
[0m[[0m[0mdebug[0m] [0m[0mEvaluating tasks: Test / testOnly[0m
[0m[[0m[0mdebug[0m] [0m[0mRunning task... Cancel: Signal, check cycles: false, forcegc: true[0m
[0m[[0m[0minfo[0m] [0m[0mcompiling 2 Scala sources to /home/hassan/rvv-core/target/scala-2.12/classes ...[0m
[0m[[0m[0minfo[0m] [0m[0m[32mTopfile_Test:[0m[0m
[0m[[0m[0minfo[0m] [0m[0m[31m- Top File Test *** FAILED ***[0m[0m
[0m[[0m[0minfo[0m] [0m[0m[31m  firrtl.passes.CheckInitialization$RefNotInitializedException: : [module ALU]  Reference io is not fully initialized.[0m[0m
[0m[[0m[0minfo[0m] [0m[0m[31m   : io.v_out <= mux(_T_16, validif(eq(_T_17, UInt<1>("h0")), mux(_T_21, mux(_T_22, _io_v_out_T_1, mux(_T_23, _io_v_out_T_3, mux(_T_24, _io_v_out_T_5, mux(_T_25, _io_v_out_T_7, VOID)))), mux(_T_26, mux(_T_27, _io_v_out_T_9, mux(_T_28, _io_v_out_T_11, mux(_T_29, _io_v_out_T_13, mux(_T_30, _io_v_out_T_15, VOID)))), VOID))), VOID)[0m[0m
[0m[[0m[0minfo[0m] [0m[0m[31m  ...[0m[0m
[0m[[0m[0minfo[0m] [0m[0m[36mRun completed in 2 seconds, 482 milliseconds.[0m[0m
[0m[[0m[0minfo[0m] [0m[0m[36mTotal number of tests run: 1[0m[0m
[0m[[0m[0minfo[0m] [0m[0m[36mSuites: completed 1, aborted 0[0m[0m
[0m[[0m[0minfo[0m] [0m[0m[36mTests: succeeded 0, failed 1, canceled 0, ignored 0, pending 0[0m[0m
[0m[[0m[0minfo[0m] [0m[0m[31m*** 1 TEST FAILED ***[0m[0m
[0m[[0m[31merror[0m] [0m[0mFailed tests:[0m
[0m[[0m[31merror[0m] [0m[0m	rvv.Topfile_Test[0m
[0m[[0m[31merror[0m] [0m[0m(Test / [31mtestOnly[0m) sbt.TestsFailedException: Tests unsuccessful[0m
[0m[[0m[31merror[0m] [0m[0mTotal time: 5 s, completed Aug 30, 2023, 2:14:45 AM[0m
[0m[[0m[0mdebug[0m] [0m[0m> Exec(shell, None, None)[0m
[0m[[0m[0mdebug[0m] [0m[0mForcing garbage collection...[0m
[0m[[0m[0minfo[0m] [0m[0mshutting down sbt server[0m
