[0m[[0m[0mdebug[0m] [0m[0m> Exec(testOnly riscv.top, Some(ce0ffad6-ac89-4b29-9eb3-66446525d96b), Some(CommandSource(console0)))[0m
[0m[[0m[0mdebug[0m] [0m[0mEvaluating tasks: Test / testOnly[0m
[0m[[0m[0mdebug[0m] [0m[0mRunning task... Cancel: Signal, check cycles: false, forcegc: true[0m
[0m[[0m[0minfo[0m] [0m[0mcompiling 1 Scala source to /home/mohammad/Scala-Chisel-Learning-Journey/target/scala-2.12/classes ...[0m
[0m[[0m[0minfo[0m] [0m[0m[32mtop:[0m[0m
[0m[[0m[0minfo[0m] [0m[0m[31m- top *** FAILED ***[0m[0m
[0m[[0m[0minfo[0m] [0m[0m[31m  firrtl.passes.CheckInitialization$RefNotInitializedException: : [module vlsu]  Reference io is not fully initialized.[0m[0m
[0m[[0m[0minfo[0m] [0m[0m[31m   : io.vlmax <= mux(_T_2, UInt<8>("h80"), mux(_T_9, UInt<7>("h40"), mux(_T_20, UInt<6>("h20"), mux(_T_35, UInt<5>("h10"), mux(_T_50, UInt<4>("h8"), mux(_T_65, UInt<3>("h4"), mux(_T_80, UInt<2>("h2"), mux(_T_91, UInt<1>("h1"), VOID))))))))[0m[0m
[0m[[0m[0minfo[0m] [0m[0m[31m  ...[0m[0m
[0m[[0m[0minfo[0m] [0m[0m[36mRun completed in 2 seconds, 426 milliseconds.[0m[0m
[0m[[0m[0minfo[0m] [0m[0m[36mTotal number of tests run: 1[0m[0m
[0m[[0m[0minfo[0m] [0m[0m[36mSuites: completed 1, aborted 0[0m[0m
[0m[[0m[0minfo[0m] [0m[0m[36mTests: succeeded 0, failed 1, canceled 0, ignored 0, pending 0[0m[0m
[0m[[0m[0minfo[0m] [0m[0m[31m*** 1 TEST FAILED ***[0m[0m
[0m[[0m[31merror[0m] [0m[0mFailed tests:[0m
[0m[[0m[31merror[0m] [0m[0m	riscv.top[0m
[0m[[0m[31merror[0m] [0m[0m(Test / [31mtestOnly[0m) sbt.TestsFailedException: Tests unsuccessful[0m
[0m[[0m[31merror[0m] [0m[0mTotal time: 5 s, completed Aug 8, 2023, 8:38:17 PM[0m
[0m[[0m[0mdebug[0m] [0m[0m> Exec(shell, None, None)[0m
[0m[[0m[0mdebug[0m] [0m[0mForcing garbage collection...[0m
