[debug] > Exec(early(addDefaultCommands), None, None)
[debug] > Exec(addDefaultCommands, None, None)
[debug] > Exec(early(initialize), None, None)
[debug] > Exec(initialize, None, None)
[debug] > Exec(boot, None, None)
[debug] > Exec(writeSbtVersion, None, None)
[debug] > Exec(reload, None, None)
[debug] > Exec(sbtStashOnFailure, None, None)
[debug] > Exec(onFailure loadFailed, None, None)
[debug] > Exec(loadp, None, None)
[info] welcome to sbt 1.7.1 (Ubuntu Java 11.0.20.1)
[debug] Load.defaultLoad until apply took 600.256717ms
[debug]                 Load.loadUnit: plugins took 855.690892ms
[debug]                 Load.loadUnit: defsScala took 0.761791ms
[debug] [Loading] Scanning directory /home/hafsa/Vector/rvv-core/project/project
[debug]                   Load.loadUnit: mkEval took 52.028701ms
[debug] [Loading] Found non-root projects 
[debug] [Loading] Done in /home/hafsa/Vector/rvv-core/project/project, returning: ()
[debug] deducing auto plugins based on known facts Set(Atom(sbt.plugins.CorePlugin)) and clauses Clauses(Clause(Atom(sbt.plugins.JvmPlugin),Set(Atom(sbt.plugins.IvyPlugin)))
[debug] Clause(Atom(sbt.ScriptedPlugin),Set(Atom(sbt.plugins.JvmPlugin)))
[debug] Clause(Atom(sbt.plugins.SbtPlugin),Set(Atom(sbt.ScriptedPlugin)))
[debug] Clause(Atom(sbt.plugins.SemanticdbPlugin),Set(Atom(sbt.plugins.JvmPlugin)))
[debug] Clause(Atom(sbt.plugins.JUnitXmlReportPlugin),Set(Atom(sbt.plugins.JvmPlugin)))
[debug] Clause(Atom(sbt.plugins.MiniDependencyTreePlugin),Set(Atom(sbt.plugins.JvmPlugin)))
[debug] Clause(Atom(sbt.plugins.CorePlugin),Set(Atom(sbt.plugins.IvyPlugin)))
[debug] Clause(Atom(sbt.plugins.IvyPlugin),Set(Atom(sbt.plugins.JvmPlugin)))
[debug] Clause(Atom(sbt.plugins.JvmPlugin),Set(Atom(sbt.plugins.SemanticdbPlugin)))
[debug] Clause(Atom(sbt.plugins.JvmPlugin),Set(Atom(sbt.plugins.JUnitXmlReportPlugin)))
[debug] Clause(Atom(sbt.plugins.CorePlugin),Set(Atom(sbt.plugins.Giter8TemplatePlugin)))
[debug] Clause(Atom(sbt.plugins.JvmPlugin),Set(Atom(sbt.plugins.MiniDependencyTreePlugin))))
[debug]   :: deduced result: Matched(sbt.plugins.CorePlugin,sbt.plugins.Giter8TemplatePlugin,sbt.plugins.IvyPlugin,sbt.plugins.JvmPlugin,sbt.plugins.MiniDependencyTreePlugin,sbt.plugins.JUnitXmlReportPlugin,sbt.plugins.SemanticdbPlugin)
[debug] Plugins.deducer#function took 65.368336 ms
[info] loading settings for project rvv-core-build-build from metals.sbt ...
[debug]                     Load.resolveProject(rvv-core-build-build) took 124.452363ms
[debug]                   Load.loadTransitive: finalizeProject(Project(id rvv-core-build-build, base: /home/hafsa/Vector/rvv-core/project/project, plugins: List(<none>))) took 254.481601ms
[debug] [Loading] Done in /home/hafsa/Vector/rvv-core/project/project, returning: (rvv-core-build-build)
[debug]                 Load.loadUnit: loadedProjectsRaw took 14019.81676ms
[debug]                 Load.loadUnit: cleanEvalClasses took 38.525199ms
[debug]               Load.loadUnit(file:/home/hafsa/Vector/rvv-core/project/project/, ...) took 14954.34215ms
[debug]             Load.apply: load took 15709.368663ms
[debug]             Load.apply: resolveProjects took 15.883303ms
[debug]             Load.apply: finalTransforms took 250.161032ms
[debug]             Load.apply: config.delegates took 30.121088ms
[debug]             Load.apply: Def.make(settings)... took 1967.888536ms
[debug]             Load.apply: structureIndex took 498.236158ms
[debug]             Load.apply: mkStreams took 3.457599ms
[info] loading project definition from /home/hafsa/Vector/rvv-core/project/project
[debug] Running task... Cancel: Signal, check cycles: false, forcegc: true
[debug]           Load.loadUnit: plugins took 26062.15641ms
[debug]           Load.loadUnit: defsScala took 0.015683ms
[debug] [Loading] Scanning directory /home/hafsa/Vector/rvv-core/project
[debug]             Load.loadUnit: mkEval took 0.366963ms
[debug] [Loading] Found non-root projects 
[debug] [Loading] Done in /home/hafsa/Vector/rvv-core/project, returning: ()
[debug] deducing auto plugins based on known facts Set(Atom(sbt.plugins.CorePlugin)) and clauses Clauses(Clause(Atom(sbt.plugins.JvmPlugin),Set(Atom(sbt.plugins.IvyPlugin)))
[debug] Clause(Atom(sbt.ScriptedPlugin),Set(Atom(sbt.plugins.JvmPlugin)))
[debug] Clause(Atom(sbt.plugins.SbtPlugin),Set(Atom(sbt.ScriptedPlugin)))
[debug] Clause(Atom(sbt.plugins.SemanticdbPlugin),Set(Atom(sbt.plugins.JvmPlugin)))
[debug] Clause(Atom(sbt.plugins.JUnitXmlReportPlugin),Set(Atom(sbt.plugins.JvmPlugin)))
[debug] Clause(Atom(sbt.plugins.MiniDependencyTreePlugin),Set(Atom(sbt.plugins.JvmPlugin)))
[debug] Clause(Atom(metals.MetalsPlugin),Set(Atom(sbt.plugins.SemanticdbPlugin)))
[debug] Clause(Atom(org.scaladebugger.SbtJdiTools),Set(Atom(sbt.plugins.JvmPlugin)))
[debug] Clause(Atom(sbt.plugins.CorePlugin),Set(Atom(sbt.plugins.IvyPlugin)))
[debug] Clause(Atom(sbt.plugins.IvyPlugin),Set(Atom(sbt.plugins.JvmPlugin)))
[debug] Clause(Atom(sbt.plugins.JvmPlugin),Set(Atom(sbt.plugins.SemanticdbPlugin)))
[debug] Clause(Atom(sbt.plugins.JvmPlugin),Set(Atom(sbt.plugins.JUnitXmlReportPlugin)))
[debug] Clause(Atom(sbt.plugins.CorePlugin),Set(Atom(sbt.plugins.Giter8TemplatePlugin)))
[debug] Clause(Atom(sbt.plugins.JvmPlugin),Set(Atom(sbt.plugins.MiniDependencyTreePlugin)))
[debug] Clause(Atom(sbt.plugins.SemanticdbPlugin),Set(Atom(metals.MetalsPlugin)))
[debug] Clause(Atom(sbt.plugins.JvmPlugin),Set(Atom(org.scaladebugger.SbtJdiTools))))
[debug]   :: deduced result: Matched(sbt.plugins.CorePlugin,sbt.plugins.Giter8TemplatePlugin,sbt.plugins.IvyPlugin,sbt.plugins.JvmPlugin,org.scaladebugger.SbtJdiTools,sbt.plugins.MiniDependencyTreePlugin,sbt.plugins.JUnitXmlReportPlugin,sbt.plugins.SemanticdbPlugin,metals.MetalsPlugin)
[debug] Plugins.deducer#function took 13.193603 ms
[info] loading settings for project rvv-core-build from metals.sbt ...
[debug]               Load.resolveProject(rvv-core-build) took 22.65568ms
[debug]             Load.loadTransitive: finalizeProject(Project(id rvv-core-build, base: /home/hafsa/Vector/rvv-core/project, plugins: List(<none>))) took 37.138287ms
[debug] [Loading] Done in /home/hafsa/Vector/rvv-core/project, returning: (rvv-core-build)
[debug]           Load.loadUnit: loadedProjectsRaw took 3282.479282ms
[debug]           Load.loadUnit: cleanEvalClasses took 18.671411ms
[debug]         Load.loadUnit(file:/home/hafsa/Vector/rvv-core/project/, ...) took 29364.955497ms
[debug]       Load.apply: load took 29371.216349ms
[debug]       Load.apply: resolveProjects took 0.335215ms
[debug]       Load.apply: finalTransforms took 37.693933ms
[debug]       Load.apply: config.delegates took 0.836074ms
[debug]       Load.apply: Def.make(settings)... took 378.302251ms
[debug]       Load.apply: structureIndex took 138.162659ms
[debug]       Load.apply: mkStreams took 0.004004ms
[info] loading project definition from /home/hafsa/Vector/rvv-core/project
[debug] Running task... Cancel: Signal, check cycles: false, forcegc: true
