[0m[[0m[0mdebug[0m] [0m[0m> Exec(testOnly Vpractice.TASK_MASKTest, Some(f280e175-a731-4a38-abfc-fedb4d16e81e), Some(CommandSource(console0)))[0m
[0m[[0m[0mdebug[0m] [0m[0mEvaluating tasks: Test / testOnly[0m
[0m[[0m[0mdebug[0m] [0m[0mRunning task... Cancel: Signal, check cycles: false, forcegc: true[0m
[0m[[0m[0minfo[0m] [0m[0mcompiling 1 Scala source to /home/hafsa/Scala-Chisel-Learning-Journey/Vector_Single-Cycle/target/scala-2.12/classes ...[0m
[0m[[0m[31merror[0m] [0m[0m/home/hafsa/Scala-Chisel-Learning-Journey/Vector_Single-Cycle/src/main/scala/V_Single-Cycle/TAIL_MASK/TAIL_MASK.scala:19:35: type mismatch;[0m
[0m[[0m[31merror[0m] [0m[0m found   : chisel3.UInt[0m
[0m[[0m[31merror[0m] [0m[0m required: Int[0m
[0m[[0m[31merror[0m] [0m[0mval prestart = io.v_data1.slice(0.U, vstart)[0m
[0m[[0m[31merror[0m] [0m[0m                                  ^[0m
[0m[[0m[31merror[0m] [0m[0m/home/hafsa/Scala-Chisel-Learning-Journey/Vector_Single-Cycle/src/main/scala/V_Single-Cycle/TAIL_MASK/TAIL_MASK.scala:19:38: type mismatch;[0m
[0m[[0m[31merror[0m] [0m[0m found   : chisel3.UInt[0m
[0m[[0m[31merror[0m] [0m[0m required: Int[0m
[0m[[0m[31merror[0m] [0m[0mval prestart = io.v_data1.slice(0.U, vstart)[0m
[0m[[0m[31merror[0m] [0m[0m                                     ^[0m
[0m[[0m[31merror[0m] [0m[0m/home/hafsa/Scala-Chisel-Learning-Journey/Vector_Single-Cycle/src/main/scala/V_Single-Cycle/TAIL_MASK/TAIL_MASK.scala:20:35: type mismatch;[0m
[0m[[0m[31merror[0m] [0m[0m found   : chisel3.UInt[0m
[0m[[0m[31merror[0m] [0m[0m required: Int[0m
[0m[[0m[31merror[0m] [0m[0mval body = io.v_data1.slice(vstart+1.U, io.tm_vl)[0m
[0m[[0m[31merror[0m] [0m[0m                                  ^[0m
[0m[[0m[31merror[0m] [0m[0m/home/hafsa/Scala-Chisel-Learning-Journey/Vector_Single-Cycle/src/main/scala/V_Single-Cycle/TAIL_MASK/TAIL_MASK.scala:20:44: type mismatch;[0m
[0m[[0m[31merror[0m] [0m[0m found   : chisel3.UInt[0m
[0m[[0m[31merror[0m] [0m[0m required: Int[0m
[0m[[0m[31merror[0m] [0m[0mval body = io.v_data1.slice(vstart+1.U, io.tm_vl)[0m
[0m[[0m[31merror[0m] [0m[0m                                           ^[0m
[0m[[0m[31merror[0m] [0m[0m/home/hafsa/Scala-Chisel-Learning-Journey/Vector_Single-Cycle/src/main/scala/V_Single-Cycle/TAIL_MASK/TAIL_MASK.scala:21:32: type mismatch;[0m
[0m[[0m[31merror[0m] [0m[0m found   : chisel3.UInt[0m
[0m[[0m[31merror[0m] [0m[0m required: Int[0m
[0m[[0m[31merror[0m] [0m[0mval tail = io.v_data1.slice(io.tm_vl, io.v_data1.size-1.U)[0m
[0m[[0m[31merror[0m] [0m[0m                               ^[0m
[0m[[0m[31merror[0m] [0m[0m/home/hafsa/Scala-Chisel-Learning-Journey/Vector_Single-Cycle/src/main/scala/V_Single-Cycle/TAIL_MASK/TAIL_MASK.scala:21:54: overloaded method value - with alternatives:[0m
[0m[[0m[31merror[0m] [0m[0m  (x: Int)Int <and>[0m
[0m[[0m[31merror[0m] [0m[0m  (x: Char)Int <and>[0m
[0m[[0m[31merror[0m] [0m[0m  (x: Short)Int <and>[0m
[0m[[0m[31merror[0m] [0m[0m  (x: Byte)Int[0m
[0m[[0m[31merror[0m] [0m[0m cannot be applied to (chisel3.UInt)[0m
[0m[[0m[31merror[0m] [0m[0mval tail = io.v_data1.slice(io.tm_vl, io.v_data1.size-1.U)[0m
[0m[[0m[31merror[0m] [0m[0m                                                     ^[0m
[0m[[0m[31merror[0m] [0m[0m/home/hafsa/Scala-Chisel-Learning-Journey/Vector_Single-Cycle/src/main/scala/V_Single-Cycle/TAIL_MASK/TAIL_MASK.scala:25:36: type mismatch;[0m
[0m[[0m[31merror[0m] [0m[0m found   : chisel3.UInt[0m
[0m[[0m[31merror[0m] [0m[0m required: Int[0m
[0m[[0m[31merror[0m] [0m[0mval prestart1 = io.v_data2.slice(0.U, vstart)[0m
[0m[[0m[31merror[0m] [0m[0m                                   ^[0m
[0m[[0m[31merror[0m] [0m[0m/home/hafsa/Scala-Chisel-Learning-Journey/Vector_Single-Cycle/src/main/scala/V_Single-Cycle/TAIL_MASK/TAIL_MASK.scala:25:39: type mismatch;[0m
[0m[[0m[31merror[0m] [0m[0m found   : chisel3.UInt[0m
[0m[[0m[31merror[0m] [0m[0m required: Int[0m
[0m[[0m[31merror[0m] [0m[0mval prestart1 = io.v_data2.slice(0.U, vstart)[0m
[0m[[0m[31merror[0m] [0m[0m                                      ^[0m
[0m[[0m[31merror[0m] [0m[0m/home/hafsa/Scala-Chisel-Learning-Journey/Vector_Single-Cycle/src/main/scala/V_Single-Cycle/TAIL_MASK/TAIL_MASK.scala:26:36: type mismatch;[0m
[0m[[0m[31merror[0m] [0m[0m found   : chisel3.UInt[0m
[0m[[0m[31merror[0m] [0m[0m required: Int[0m
[0m[[0m[31merror[0m] [0m[0mval body1 = io.v_data2.slice(vstart+1.U, io.tm_vl)[0m
[0m[[0m[31merror[0m] [0m[0m                                   ^[0m
[0m[[0m[31merror[0m] [0m[0m/home/hafsa/Scala-Chisel-Learning-Journey/Vector_Single-Cycle/src/main/scala/V_Single-Cycle/TAIL_MASK/TAIL_MASK.scala:26:45: type mismatch;[0m
[0m[[0m[31merror[0m] [0m[0m found   : chisel3.UInt[0m
[0m[[0m[31merror[0m] [0m[0m required: Int[0m
[0m[[0m[31merror[0m] [0m[0mval body1 = io.v_data2.slice(vstart+1.U, io.tm_vl)[0m
[0m[[0m[31merror[0m] [0m[0m                                            ^[0m
[0m[[0m[31merror[0m] [0m[0m/home/hafsa/Scala-Chisel-Learning-Journey/Vector_Single-Cycle/src/main/scala/V_Single-Cycle/TAIL_MASK/TAIL_MASK.scala:27:33: type mismatch;[0m
[0m[[0m[31merror[0m] [0m[0m found   : chisel3.UInt[0m
[0m[[0m[31merror[0m] [0m[0m required: Int[0m
[0m[[0m[31merror[0m] [0m[0mval tail1 = io.v_data2.slice(io.tm_vl, io.v_data1.size-1.U)[0m
[0m[[0m[31merror[0m] [0m[0m                                ^[0m
[0m[[0m[31merror[0m] [0m[0m/home/hafsa/Scala-Chisel-Learning-Journey/Vector_Single-Cycle/src/main/scala/V_Single-Cycle/TAIL_MASK/TAIL_MASK.scala:27:55: overloaded method value - with alternatives:[0m
[0m[[0m[31merror[0m] [0m[0m  (x: Int)Int <and>[0m
[0m[[0m[31merror[0m] [0m[0m  (x: Char)Int <and>[0m
[0m[[0m[31merror[0m] [0m[0m  (x: Short)Int <and>[0m
[0m[[0m[31merror[0m] [0m[0m  (x: Byte)Int[0m
[0m[[0m[31merror[0m] [0m[0m cannot be applied to (chisel3.UInt)[0m
[0m[[0m[31merror[0m] [0m[0mval tail1 = io.v_data2.slice(io.tm_vl, io.v_data1.size-1.U)[0m
[0m[[0m[31merror[0m] [0m[0m                                                      ^[0m
[0m[[0m[31merror[0m] [0m[0m12 errors found[0m
[0m[[0m[0mdebug[0m] [0m[0mForcing garbage collection...[0m
[0m[[0m[31merror[0m] [0m[0m(Compile / [31mcompileIncremental[0m) Compilation failed[0m
[0m[[0m[31merror[0m] [0m[0mTotal time: 2 s, completed Aug 16, 2023, 2:56:15 PM[0m
[0m[[0m[0mdebug[0m] [0m[0m> Exec(shell, None, None)[0m
