[0m[[0m[0mdebug[0m] [0m[0m> Exec(testOnly rvv.Topfile_Test -- -DwriteVcd=1, Some(0e25cc75-4e79-4cb8-81d0-e224a5e52546), Some(CommandSource(console0)))[0m
[0m[[0m[0mdebug[0m] [0m[0mEvaluating tasks: Test / testOnly[0m
[0m[[0m[0mdebug[0m] [0m[0mRunning task... Cancel: Signal, check cycles: false, forcegc: true[0m
[0m[[0m[0minfo[0m] [0m[0mcompiling 1 Scala source to /home/hassan/rvv-core/target/scala-2.12/classes ...[0m
[0m[[0m[0minfo[0m] [0m[0mcompiling 1 Scala source to /home/hassan/rvv-core/target/scala-2.12/classes ...[0m
[0m[[0m[0minfo[0m] [0m[0m[32mTopfile_Test:[0m[0m
[0m[[0m[0minfo[0m] [0m[0m[31m- Top File Test *** FAILED ***[0m[0m
[0m[[0m[0minfo[0m] [0m[0m[31m  chisel3.internal.ChiselException: Connection between sink (SInt<32>(IO in unelaborated v_csr)) and source (UInt<32>(Reg in v_csr)) failed @: Sink (SInt<32>(IO in unelaborated v_csr)) and Source (UInt<32>(Reg in v_csr)) have different types.[0m[0m
[0m[[0m[0minfo[0m] [0m[0m[31m  at ... ()[0m[0m
[0m[[0m[0minfo[0m] [0m[0m[31m  at rvv.v_csr.<init>(csr.scala:20)[0m[0m
[0m[[0m[0minfo[0m] [0m[0m[31m  at rvv.top.$anonfun$csr_mod$2(Top_File.scala:23)[0m[0m
[0m[[0m[0minfo[0m] [0m[0m[31m  at chisel3.Module$.do_apply(Module.scala:54)[0m[0m
[0m[[0m[0minfo[0m] [0m[0m[31m  at rvv.top.$anonfun$csr_mod$1(Top_File.scala:23)[0m[0m
[0m[[0m[0minfo[0m] [0m[0m[31m  at chisel3.internal.plugin.package$.autoNameRecursively(package.scala:52)[0m[0m
[0m[[0m[0minfo[0m] [0m[0m[31m  at rvv.top.<init>(Top_File.scala:23)[0m[0m
[0m[[0m[0minfo[0m] [0m[0m[31m  at rvv.Topfile_Test.$anonfun$new$2(TopFileTest.scala:9)[0m[0m
[0m[[0m[0minfo[0m] [0m[0m[31m  at ... ()[0m[0m
[0m[[0m[0minfo[0m] [0m[0m[31m  at ... (Stack trace trimmed to user code only. Rerun with --full-stacktrace to see the full stack trace)[0m[0m
[0m[[0m[0minfo[0m] [0m[0m[31m  ...[0m[0m
[0m[[0m[0minfo[0m] [0m[0m[36mRun completed in 1 second, 140 milliseconds.[0m[0m
[0m[[0m[0minfo[0m] [0m[0m[36mTotal number of tests run: 1[0m[0m
[0m[[0m[0minfo[0m] [0m[0m[36mSuites: completed 1, aborted 0[0m[0m
[0m[[0m[0minfo[0m] [0m[0m[36mTests: succeeded 0, failed 1, canceled 0, ignored 0, pending 0[0m[0m
[0m[[0m[0minfo[0m] [0m[0m[31m*** 1 TEST FAILED ***[0m[0m
[0m[[0m[31merror[0m] [0m[0mFailed tests:[0m
[0m[[0m[31merror[0m] [0m[0m	rvv.Topfile_Test[0m
[0m[[0m[0mdebug[0m] [0m[0mForcing garbage collection...[0m
[0m[[0m[31merror[0m] [0m[0m(Test / [31mtestOnly[0m) sbt.TestsFailedException: Tests unsuccessful[0m
[0m[[0m[31merror[0m] [0m[0mTotal time: 4 s, completed Aug 9, 2023, 11:53:06 AM[0m
[0m[[0m[0mdebug[0m] [0m[0m> Exec(shell, None, None)[0m
