[0m[[0m[0mdebug[0m] [0m[0m> Exec(testOnly Vpractice.TASK_MASKTest, Some(6e7b7494-15dd-4251-a8f9-be1325e09898), Some(CommandSource(console0)))[0m
[0m[[0m[0mdebug[0m] [0m[0mEvaluating tasks: Test / testOnly[0m
[0m[[0m[0mdebug[0m] [0m[0mRunning task... Cancel: Signal, check cycles: false, forcegc: true[0m
[0m[[0m[0minfo[0m] [0m[0mcompiling 1 Scala source to /home/hafsa/Scala-Chisel-Learning-Journey/Vector_Single-Cycle/target/scala-2.12/classes ...[0m
[0m[[0m[31merror[0m] [0m[0m/home/hafsa/Scala-Chisel-Learning-Journey/Vector_Single-Cycle/src/main/scala/V_Single-Cycle/TAIL_MASK/TAIL_MASK.scala:36:31: value toInt is not a member of chisel3.SInt[0m
[0m[[0m[31merror[0m] [0m[0mval vl: Int = io.tm_vl.asSInt.toInt[0m
[0m[[0m[31merror[0m] [0m[0m                              ^[0m
[0m[[0m[31merror[0m] [0m[0m/home/hafsa/Scala-Chisel-Learning-Journey/Vector_Single-Cycle/src/main/scala/V_Single-Cycle/TAIL_MASK/TAIL_MASK.scala:38:23: inferred type arguments [Any] do not conform to macro method apply's type parameter bounds [T <: chisel3.Data][0m
[0m[[0m[31merror[0m] [0m[0mval prestartIndices = VecInit(vstart, UInt(sew.getWidth.W))           [0m
[0m[[0m[31merror[0m] [0m[0m                      ^[0m
[0m[[0m[31merror[0m] [0m[0m/home/hafsa/Scala-Chisel-Learning-Journey/Vector_Single-Cycle/src/main/scala/V_Single-Cycle/TAIL_MASK/TAIL_MASK.scala:38:31: type mismatch;[0m
[0m[[0m[31merror[0m] [0m[0m found   : Int[0m
[0m[[0m[31merror[0m] [0m[0m required: T[0m
[0m[[0m[31merror[0m] [0m[0mval prestartIndices = VecInit(vstart, UInt(sew.getWidth.W))           [0m
[0m[[0m[31merror[0m] [0m[0m                              ^[0m
[0m[[0m[31merror[0m] [0m[0m/home/hafsa/Scala-Chisel-Learning-Journey/Vector_Single-Cycle/src/main/scala/V_Single-Cycle/TAIL_MASK/TAIL_MASK.scala:38:43: type mismatch;[0m
[0m[[0m[31merror[0m] [0m[0m found   : chisel3.UInt[0m
[0m[[0m[31merror[0m] [0m[0m required: T[0m
[0m[[0m[31merror[0m] [0m[0mval prestartIndices = VecInit(vstart, UInt(sew.getWidth.W))           [0m
[0m[[0m[31merror[0m] [0m[0m                                          ^[0m
[0m[[0m[31merror[0m] [0m[0m/home/hafsa/Scala-Chisel-Learning-Journey/Vector_Single-Cycle/src/main/scala/V_Single-Cycle/TAIL_MASK/TAIL_MASK.scala:46:27: type mismatch;[0m
[0m[[0m[31merror[0m] [0m[0m found   : chisel3.UInt[0m
[0m[[0m[31merror[0m] [0m[0m required: Int[0m
[0m[[0m[31merror[0m] [0m[0mfor (i <- vstart until io.tm_vl) {[0m
[0m[[0m[31merror[0m] [0m[0m                          ^[0m
[0m[[0m[31merror[0m] [0m[0m/home/hafsa/Scala-Chisel-Learning-Journey/Vector_Single-Cycle/src/main/scala/V_Single-Cycle/TAIL_MASK/TAIL_MASK.scala:50:20: value until is not a member of chisel3.UInt[0m
[0m[[0m[31merror[0m] [0m[0mfor (i <- io.tm_vl until 16) {                                     [0m
[0m[[0m[31merror[0m] [0m[0m                   ^[0m
[0m[[0m[31merror[0m] [0m[0m6 errors found[0m
[0m[[0m[0mdebug[0m] [0m[0mForcing garbage collection...[0m
[0m[[0m[31merror[0m] [0m[0m(Compile / [31mcompileIncremental[0m) Compilation failed[0m
[0m[[0m[31merror[0m] [0m[0mTotal time: 1 s, completed Aug 17, 2023, 12:00:28 PM[0m
[0m[[0m[0mdebug[0m] [0m[0m> Exec(shell, None, None)[0m
